2020-07-21 14:01:53,159 [main] INFO  [com.hax.system.demo.HaxSystemDemoApplication] StartupInfoLogger.java:55 - Starting HaxSystemDemoApplication on LAPTOP-U6DLD6IM with PID 15492 (D:\project\hax-cloud\hax-system-demo\hax-system-demo-biz\target\classes started by hax in D:\project\hax-cloud)
2020-07-21 14:01:53,169 [main] INFO  [com.hax.system.demo.HaxSystemDemoApplication] SpringApplication.java:655 - The following profiles are active: local
2020-07-21 14:01:54,548 [main] WARN  [tk.mybatis.spring.mapper.ClassPathMapperScanner] ClassPathMapperScanner.java:166 - No MyBatis mapper was found in '[com.hax.system.demo]' package. Please check your configuration.
2020-07-21 14:01:54,557 [main] WARN  [org.mybatis.spring.mapper.ClassPathMapperScanner] ClassPathMapperScanner.java:166 - No MyBatis mapper was found in '[com.hax.system.demo]' package. Please check your configuration.
2020-07-21 14:01:54,650 [main] INFO  [o.s.d.r.config.RepositoryConfigurationDelegate] RepositoryConfigurationDelegate.java:249 - Multiple Spring Data modules found, entering strict repository configuration mode!
2020-07-21 14:01:54,652 [main] INFO  [o.s.d.r.config.RepositoryConfigurationDelegate] RepositoryConfigurationDelegate.java:127 - Bootstrapping Spring Data Redis repositories in DEFAULT mode.
2020-07-21 14:01:54,680 [main] INFO  [o.s.d.r.config.RepositoryConfigurationDelegate] RepositoryConfigurationDelegate.java:187 - Finished Spring Data repository scanning in 16ms. Found 0 Redis repository interfaces.
2020-07-21 14:01:55,242 [main] INFO  [o.s.boot.web.embedded.tomcat.TomcatWebServer] TomcatWebServer.java:108 - Tomcat initialized with port(s): 8002 (http)
2020-07-21 14:01:55,252 [main] INFO  [org.apache.coyote.http11.Http11NioProtocol] DirectJDKLog.java:173 - Initializing ProtocolHandler ["http-nio-8002"]
2020-07-21 14:01:55,253 [main] INFO  [org.apache.catalina.core.StandardService] DirectJDKLog.java:173 - Starting service [Tomcat]
2020-07-21 14:01:55,254 [main] INFO  [org.apache.catalina.core.StandardEngine] DirectJDKLog.java:173 - Starting Servlet engine: [Apache Tomcat/9.0.36]
2020-07-21 14:01:55,379 [main] INFO  [o.a.c.core.ContainerBase.[Tomcat].[localhost].[/]] DirectJDKLog.java:173 - Initializing Spring embedded WebApplicationContext
2020-07-21 14:01:55,380 [main] INFO  [o.s.b.w.s.c.ServletWebServerApplicationContext] ServletWebServerApplicationContext.java:285 - Root WebApplicationContext: initialization completed in 2067 ms
2020-07-21 14:01:55,643 [main] INFO  [c.a.d.s.b.a.DruidDataSourceAutoConfigure] DruidDataSourceAutoConfigure.java:56 - Init DruidDataSource
2020-07-21 14:01:55,756 [main] INFO  [com.alibaba.druid.pool.DruidDataSource] DruidDataSource.java:1002 - {dataSource-1} inited
2020-07-21 14:01:56,454 [main] INFO  [o.s.scheduling.concurrent.ThreadPoolTaskExecutor] ExecutorConfigurationSupport.java:181 - Initializing ExecutorService 'applicationTaskExecutor'
2020-07-21 14:01:56,672 [main] WARN  [o.s.b.w.s.c.AnnotationConfigServletWebServerApplicationContext] AbstractApplicationContext.java:559 - Exception encountered during context initialization - cancelling refresh attempt: org.springframework.beans.factory.BeanCreationException: Error creating bean with name 'myBaseMapper' defined in file [D:\project\hax-cloud\hax-common\hax-common-mybatis\target\classes\com\hax\common\mybatis\mapper\MyBaseMapper.class]: Invocation of init method failed; nested exception is tk.mybatis.mapper.MapperException: tk.mybatis.mapper.MapperException: java.lang.ClassCastException: sun.reflect.generics.reflectiveObjects.TypeVariableImpl cannot be cast to java.lang.Class
2020-07-21 14:01:56,672 [main] INFO  [o.s.scheduling.concurrent.ThreadPoolTaskExecutor] ExecutorConfigurationSupport.java:218 - Shutting down ExecutorService 'applicationTaskExecutor'
2020-07-21 14:01:56,674 [main] INFO  [com.alibaba.druid.pool.DruidDataSource] DruidDataSource.java:1885 - {dataSource-1} closing ...
2020-07-21 14:01:56,675 [main] INFO  [com.alibaba.druid.pool.DruidDataSource] DruidDataSource.java:1955 - {dataSource-1} closed
2020-07-21 14:01:56,678 [main] INFO  [org.apache.catalina.core.StandardService] DirectJDKLog.java:173 - Stopping service [Tomcat]
2020-07-21 14:01:56,688 [main] INFO  [o.s.b.a.l.ConditionEvaluationReportLoggingListener] ConditionEvaluationReportLoggingListener.java:136 - 

Error starting ApplicationContext. To display the conditions report re-run your application with 'debug' enabled.
2020-07-21 14:01:56,696 [main] ERROR [org.springframework.boot.SpringApplication] SpringApplication.java:837 - Application run failed
org.springframework.beans.factory.BeanCreationException: Error creating bean with name 'myBaseMapper' defined in file [D:\project\hax-cloud\hax-common\hax-common-mybatis\target\classes\com\hax\common\mybatis\mapper\MyBaseMapper.class]: Invocation of init method failed; nested exception is tk.mybatis.mapper.MapperException: tk.mybatis.mapper.MapperException: java.lang.ClassCastException: sun.reflect.generics.reflectiveObjects.TypeVariableImpl cannot be cast to java.lang.Class
	at org.springframework.beans.factory.support.AbstractAutowireCapableBeanFactory.initializeBean(AbstractAutowireCapableBeanFactory.java:1796)
	at org.springframework.beans.factory.support.AbstractAutowireCapableBeanFactory.doCreateBean(AbstractAutowireCapableBeanFactory.java:595)
	at org.springframework.beans.factory.support.AbstractAutowireCapableBeanFactory.createBean(AbstractAutowireCapableBeanFactory.java:517)
	at org.springframework.beans.factory.support.AbstractBeanFactory.lambda$doGetBean$0(AbstractBeanFactory.java:323)
	at org.springframework.beans.factory.support.DefaultSingletonBeanRegistry.getSingleton(DefaultSingletonBeanRegistry.java:226)
	at org.springframework.beans.factory.support.AbstractBeanFactory.doGetBean(AbstractBeanFactory.java:321)
	at org.springframework.beans.factory.support.AbstractBeanFactory.getBean(AbstractBeanFactory.java:202)
	at org.springframework.beans.factory.support.DefaultListableBeanFactory.preInstantiateSingletons(DefaultListableBeanFactory.java:874)
	at org.springframework.context.support.AbstractApplicationContext.finishBeanFactoryInitialization(AbstractApplicationContext.java:879)
	at org.springframework.context.support.AbstractApplicationContext.refresh(AbstractApplicationContext.java:551)
	at org.springframework.boot.web.servlet.context.ServletWebServerApplicationContext.refresh(ServletWebServerApplicationContext.java:143)
	at org.springframework.boot.SpringApplication.refresh(SpringApplication.java:758)
	at org.springframework.boot.SpringApplication.refresh(SpringApplication.java:750)
	at org.springframework.boot.SpringApplication.refreshContext(SpringApplication.java:397)
	at org.springframework.boot.SpringApplication.run(SpringApplication.java:315)
	at org.springframework.boot.SpringApplication.run(SpringApplication.java:1237)
	at org.springframework.boot.SpringApplication.run(SpringApplication.java:1226)
	at com.hax.system.demo.HaxSystemDemoApplication.main(HaxSystemDemoApplication.java:15)
Caused by: tk.mybatis.mapper.MapperException: tk.mybatis.mapper.MapperException: java.lang.ClassCastException: sun.reflect.generics.reflectiveObjects.TypeVariableImpl cannot be cast to java.lang.Class
	at tk.mybatis.mapper.mapperhelper.MapperHelper.setSqlSource(MapperHelper.java:319)
	at tk.mybatis.mapper.mapperhelper.MapperHelper.processConfiguration(MapperHelper.java:253)
	at tk.mybatis.spring.mapper.MapperFactoryBean.checkDaoConfig(MapperFactoryBean.java:54)
	at org.springframework.dao.support.DaoSupport.afterPropertiesSet(DaoSupport.java:44)
	at org.springframework.beans.factory.support.AbstractAutowireCapableBeanFactory.invokeInitMethods(AbstractAutowireCapableBeanFactory.java:1855)
	at org.springframework.beans.factory.support.AbstractAutowireCapableBeanFactory.initializeBean(AbstractAutowireCapableBeanFactory.java:1792)
	... 17 common frames omitted
Caused by: tk.mybatis.mapper.MapperException: java.lang.ClassCastException: sun.reflect.generics.reflectiveObjects.TypeVariableImpl cannot be cast to java.lang.Class
	at tk.mybatis.mapper.mapperhelper.MapperTemplate.setSqlSource(MapperTemplate.java:280)
	at tk.mybatis.mapper.mapperhelper.MapperHelper.setSqlSource(MapperHelper.java:316)
	... 22 common frames omitted
Caused by: java.lang.ClassCastException: sun.reflect.generics.reflectiveObjects.TypeVariableImpl cannot be cast to java.lang.Class
	at tk.mybatis.mapper.mapperhelper.MapperTemplate.getEntityClass(MapperTemplate.java:164)
	at tk.mybatis.mapper.provider.base.BaseSelectProvider.existsWithPrimaryKey(BaseSelectProvider.java:126)
	at sun.reflect.NativeMethodAccessorImpl.invoke0(Native Method)
	at sun.reflect.NativeMethodAccessorImpl.invoke(NativeMethodAccessorImpl.java:62)
	at sun.reflect.DelegatingMethodAccessorImpl.invoke(DelegatingMethodAccessorImpl.java:43)
	at java.lang.reflect.Method.invoke(Method.java:498)
	at tk.mybatis.mapper.mapperhelper.MapperTemplate.setSqlSource(MapperTemplate.java:270)
	... 23 common frames omitted
2020-07-21 14:09:23,854 [main] INFO  [com.hax.system.demo.HaxSystemDemoApplication] StartupInfoLogger.java:55 - Starting HaxSystemDemoApplication on LAPTOP-U6DLD6IM with PID 2592 (D:\project\hax-cloud\hax-system-demo\hax-system-demo-biz\target\classes started by hax in D:\project\hax-cloud)
2020-07-21 14:09:23,857 [main] INFO  [com.hax.system.demo.HaxSystemDemoApplication] SpringApplication.java:655 - The following profiles are active: local
2020-07-21 14:09:24,709 [main] WARN  [tk.mybatis.spring.mapper.ClassPathMapperScanner] ClassPathMapperScanner.java:166 - No MyBatis mapper was found in '[com.hax.system.demo]' package. Please check your configuration.
2020-07-21 14:09:24,717 [main] WARN  [org.mybatis.spring.mapper.ClassPathMapperScanner] ClassPathMapperScanner.java:166 - No MyBatis mapper was found in '[com.hax.system.demo]' package. Please check your configuration.
2020-07-21 14:09:24,733 [main] WARN  [tk.mybatis.spring.mapper.ClassPathMapperScanner] ClassPathMapperScanner.java:166 - No MyBatis mapper was found in '[com.hax.*.mapper, com.hax.*.mapperExtend]' package. Please check your configuration.
2020-07-21 14:09:24,796 [main] INFO  [o.s.d.r.config.RepositoryConfigurationDelegate] RepositoryConfigurationDelegate.java:249 - Multiple Spring Data modules found, entering strict repository configuration mode!
2020-07-21 14:09:24,798 [main] INFO  [o.s.d.r.config.RepositoryConfigurationDelegate] RepositoryConfigurationDelegate.java:127 - Bootstrapping Spring Data Redis repositories in DEFAULT mode.
2020-07-21 14:09:24,822 [main] INFO  [o.s.d.r.config.RepositoryConfigurationDelegate] RepositoryConfigurationDelegate.java:187 - Finished Spring Data repository scanning in 13ms. Found 0 Redis repository interfaces.
2020-07-21 14:09:25,279 [main] INFO  [o.s.boot.web.embedded.tomcat.TomcatWebServer] TomcatWebServer.java:108 - Tomcat initialized with port(s): 8002 (http)
2020-07-21 14:09:25,288 [main] INFO  [org.apache.coyote.http11.Http11NioProtocol] DirectJDKLog.java:173 - Initializing ProtocolHandler ["http-nio-8002"]
2020-07-21 14:09:25,289 [main] INFO  [org.apache.catalina.core.StandardService] DirectJDKLog.java:173 - Starting service [Tomcat]
2020-07-21 14:09:25,289 [main] INFO  [org.apache.catalina.core.StandardEngine] DirectJDKLog.java:173 - Starting Servlet engine: [Apache Tomcat/9.0.36]
2020-07-21 14:09:25,391 [main] INFO  [o.a.c.core.ContainerBase.[Tomcat].[localhost].[/]] DirectJDKLog.java:173 - Initializing Spring embedded WebApplicationContext
2020-07-21 14:09:25,391 [main] INFO  [o.s.b.w.s.c.ServletWebServerApplicationContext] ServletWebServerApplicationContext.java:285 - Root WebApplicationContext: initialization completed in 1499 ms
2020-07-21 14:09:25,538 [main] WARN  [o.s.b.w.s.c.AnnotationConfigServletWebServerApplicationContext] AbstractApplicationContext.java:559 - Exception encountered during context initialization - cancelling refresh attempt: org.springframework.beans.factory.BeanCreationException: Error creating bean with name 'sysMenuController': Injection of resource dependencies failed; nested exception is org.springframework.beans.factory.BeanCreationException: Error creating bean with name 'sysMenuServiceImpl': Injection of resource dependencies failed; nested exception is org.springframework.beans.factory.NoSuchBeanDefinitionException: No qualifying bean of type 'com.hax.system.demo.mapper.SysMenuMapper' available: expected at least 1 bean which qualifies as autowire candidate. Dependency annotations: {@javax.annotation.Resource(shareable=true, lookup=, name=, description=, authenticationType=CONTAINER, type=class java.lang.Object, mappedName=)}
2020-07-21 14:09:25,542 [main] INFO  [org.apache.catalina.core.StandardService] DirectJDKLog.java:173 - Stopping service [Tomcat]
2020-07-21 14:09:25,561 [main] INFO  [o.s.b.a.l.ConditionEvaluationReportLoggingListener] ConditionEvaluationReportLoggingListener.java:136 - 

Error starting ApplicationContext. To display the conditions report re-run your application with 'debug' enabled.
2020-07-21 14:09:25,708 [main] ERROR [o.s.b.diagnostics.LoggingFailureAnalysisReporter] LoggingFailureAnalysisReporter.java:40 - 

***************************
APPLICATION FAILED TO START
***************************

Description:

A component required a bean of type 'com.hax.system.demo.mapper.SysMenuMapper' that could not be found.


Action:

Consider defining a bean of type 'com.hax.system.demo.mapper.SysMenuMapper' in your configuration.

2020-07-21 14:21:58,357 [main] INFO  [com.hax.system.HaxSystemApplication] StartupInfoLogger.java:55 - Starting HaxSystemApplication on LAPTOP-U6DLD6IM with PID 16572 (D:\project\hax-cloud\hax-system\hax-system-biz\target\classes started by hax in D:\project\hax-cloud)
2020-07-21 14:21:58,361 [main] INFO  [com.hax.system.HaxSystemApplication] SpringApplication.java:655 - The following profiles are active: local
2020-07-21 14:21:59,065 [main] WARN  [tk.mybatis.spring.mapper.ClassPathMapperScanner] ClassPathMapperScanner.java:166 - No MyBatis mapper was found in '[com.hax.system]' package. Please check your configuration.
2020-07-21 14:21:59,073 [main] WARN  [org.mybatis.spring.mapper.ClassPathMapperScanner] ClassPathMapperScanner.java:166 - No MyBatis mapper was found in '[com.hax.system]' package. Please check your configuration.
2020-07-21 14:21:59,137 [main] INFO  [o.s.d.r.config.RepositoryConfigurationDelegate] RepositoryConfigurationDelegate.java:249 - Multiple Spring Data modules found, entering strict repository configuration mode!
2020-07-21 14:21:59,139 [main] INFO  [o.s.d.r.config.RepositoryConfigurationDelegate] RepositoryConfigurationDelegate.java:127 - Bootstrapping Spring Data Redis repositories in DEFAULT mode.
2020-07-21 14:21:59,163 [main] INFO  [o.s.d.r.config.RepositoryConfigurationDelegate] RepositoryConfigurationDelegate.java:187 - Finished Spring Data repository scanning in 14ms. Found 0 Redis repository interfaces.
2020-07-21 14:21:59,582 [main] INFO  [o.s.boot.web.embedded.tomcat.TomcatWebServer] TomcatWebServer.java:108 - Tomcat initialized with port(s): 8002 (http)
2020-07-21 14:21:59,588 [main] INFO  [org.apache.coyote.http11.Http11NioProtocol] DirectJDKLog.java:173 - Initializing ProtocolHandler ["http-nio-8002"]
2020-07-21 14:21:59,589 [main] INFO  [org.apache.catalina.core.StandardService] DirectJDKLog.java:173 - Starting service [Tomcat]
2020-07-21 14:21:59,589 [main] INFO  [org.apache.catalina.core.StandardEngine] DirectJDKLog.java:173 - Starting Servlet engine: [Apache Tomcat/9.0.36]
2020-07-21 14:21:59,681 [main] INFO  [o.a.c.core.ContainerBase.[Tomcat].[localhost].[/]] DirectJDKLog.java:173 - Initializing Spring embedded WebApplicationContext
2020-07-21 14:21:59,681 [main] INFO  [o.s.b.w.s.c.ServletWebServerApplicationContext] ServletWebServerApplicationContext.java:285 - Root WebApplicationContext: initialization completed in 1284 ms
2020-07-21 14:21:59,867 [main] INFO  [c.a.d.s.b.a.DruidDataSourceAutoConfigure] DruidDataSourceAutoConfigure.java:56 - Init DruidDataSource
2020-07-21 14:21:59,936 [main] INFO  [com.alibaba.druid.pool.DruidDataSource] DruidDataSource.java:1002 - {dataSource-1} inited
2020-07-21 14:22:00,491 [main] INFO  [o.s.scheduling.concurrent.ThreadPoolTaskExecutor] ExecutorConfigurationSupport.java:181 - Initializing ExecutorService 'applicationTaskExecutor'
2020-07-21 14:22:00,859 [main] INFO  [s.d.s.w.PropertySourcedRequestMappingHandlerMapping] PropertySourcedRequestMappingHandlerMapping.java:69 - Mapped URL path [/v2/api-docs] onto method [springfox.documentation.swagger2.web.Swagger2Controller#getDocumentation(String, HttpServletRequest)]
2020-07-21 14:22:01,001 [main] WARN  [o.s.b.a.freemarker.FreeMarkerAutoConfiguration] FreeMarkerAutoConfiguration.java:67 - Cannot find template location(s): [classpath:/templates/] (please add some templates, check your FreeMarker configuration, or set spring.freemarker.checkTemplateLocation=false)
2020-07-21 14:22:01,039 [main] INFO  [org.apache.coyote.http11.Http11NioProtocol] DirectJDKLog.java:173 - Starting ProtocolHandler ["http-nio-8002"]
2020-07-21 14:22:01,057 [main] INFO  [o.s.boot.web.embedded.tomcat.TomcatWebServer] TomcatWebServer.java:220 - Tomcat started on port(s): 8002 (http) with context path ''
2020-07-21 14:22:01,058 [main] INFO  [s.d.s.web.plugins.DocumentationPluginsBootstrapper] DocumentationPluginsBootstrapper.java:160 - Context refreshed
2020-07-21 14:22:01,077 [main] INFO  [s.d.s.web.plugins.DocumentationPluginsBootstrapper] DocumentationPluginsBootstrapper.java:163 - Found 1 custom documentation plugin(s)
2020-07-21 14:22:01,105 [main] INFO  [s.d.spring.web.scanners.ApiListingReferenceScanner] ApiListingReferenceScanner.java:41 - Scanning for api listing references
2020-07-21 14:22:01,238 [main] INFO  [com.hax.system.HaxSystemApplication] StartupInfoLogger.java:61 - Started HaxSystemApplication in 3.4 seconds (JVM running for 4.234)
