2020-07-21 14:27:26,533 [main] INFO  [com.hax.system.demo.HaxSystemDemoApplication] StartupInfoLogger.java:55 - Starting HaxSystemDemoApplication on LAPTOP-U6DLD6IM with PID 4860 (D:\project\hax-cloud\hax-system-demo\hax-system-demo-biz\target\classes started by hax in D:\project\hax-cloud)
2020-07-21 14:27:26,536 [main] INFO  [com.hax.system.demo.HaxSystemDemoApplication] SpringApplication.java:655 - The following profiles are active: local
2020-07-21 14:27:27,282 [main] WARN  [tk.mybatis.spring.mapper.ClassPathMapperScanner] ClassPathMapperScanner.java:166 - No MyBatis mapper was found in '[com.hax.system.demo]' package. Please check your configuration.
2020-07-21 14:27:27,290 [main] WARN  [org.mybatis.spring.mapper.ClassPathMapperScanner] ClassPathMapperScanner.java:166 - No MyBatis mapper was found in '[com.hax.system.demo]' package. Please check your configuration.
2020-07-21 14:27:27,316 [main] WARN  [tk.mybatis.spring.mapper.ClassPathMapperScanner] ClassPathMapperScanner.java:166 - No MyBatis mapper was found in '[com.hax.*.mapper, com.hax.*.mapperExtend]' package. Please check your configuration.
2020-07-21 14:27:27,366 [main] INFO  [o.s.d.r.config.RepositoryConfigurationDelegate] RepositoryConfigurationDelegate.java:249 - Multiple Spring Data modules found, entering strict repository configuration mode!
2020-07-21 14:27:27,368 [main] INFO  [o.s.d.r.config.RepositoryConfigurationDelegate] RepositoryConfigurationDelegate.java:127 - Bootstrapping Spring Data Redis repositories in DEFAULT mode.
2020-07-21 14:27:27,390 [main] INFO  [o.s.d.r.config.RepositoryConfigurationDelegate] RepositoryConfigurationDelegate.java:187 - Finished Spring Data repository scanning in 13ms. Found 0 Redis repository interfaces.
2020-07-21 14:27:27,792 [main] INFO  [o.s.boot.web.embedded.tomcat.TomcatWebServer] TomcatWebServer.java:108 - Tomcat initialized with port(s): 8002 (http)
2020-07-21 14:27:27,799 [main] INFO  [org.apache.coyote.http11.Http11NioProtocol] DirectJDKLog.java:173 - Initializing ProtocolHandler ["http-nio-8002"]
2020-07-21 14:27:27,800 [main] INFO  [org.apache.catalina.core.StandardService] DirectJDKLog.java:173 - Starting service [Tomcat]
2020-07-21 14:27:27,800 [main] INFO  [org.apache.catalina.core.StandardEngine] DirectJDKLog.java:173 - Starting Servlet engine: [Apache Tomcat/9.0.36]
2020-07-21 14:27:27,900 [main] INFO  [o.a.c.core.ContainerBase.[Tomcat].[localhost].[/]] DirectJDKLog.java:173 - Initializing Spring embedded WebApplicationContext
2020-07-21 14:27:27,901 [main] INFO  [o.s.b.w.s.c.ServletWebServerApplicationContext] ServletWebServerApplicationContext.java:285 - Root WebApplicationContext: initialization completed in 1321 ms
2020-07-21 14:27:27,955 [main] WARN  [o.s.b.w.s.c.AnnotationConfigServletWebServerApplicationContext] AbstractApplicationContext.java:559 - Exception encountered during context initialization - cancelling refresh attempt: org.springframework.beans.factory.BeanCreationException: Error creating bean with name 'sysMenuController': Injection of resource dependencies failed; nested exception is org.springframework.beans.factory.BeanCreationException: Error creating bean with name 'sysMenuServiceImpl': Injection of resource dependencies failed; nested exception is org.springframework.beans.factory.NoSuchBeanDefinitionException: No qualifying bean of type 'com.hax.system.demo.mapper.SysMenuMapper' available: expected at least 1 bean which qualifies as autowire candidate. Dependency annotations: {@javax.annotation.Resource(shareable=true, lookup=, name=, description=, authenticationType=CONTAINER, type=class java.lang.Object, mappedName=)}
2020-07-21 14:27:27,957 [main] INFO  [org.apache.catalina.core.StandardService] DirectJDKLog.java:173 - Stopping service [Tomcat]
2020-07-21 14:27:27,974 [main] INFO  [o.s.b.a.l.ConditionEvaluationReportLoggingListener] ConditionEvaluationReportLoggingListener.java:136 - 

Error starting ApplicationContext. To display the conditions report re-run your application with 'debug' enabled.
2020-07-21 14:27:28,140 [main] ERROR [o.s.b.diagnostics.LoggingFailureAnalysisReporter] LoggingFailureAnalysisReporter.java:40 - 

***************************
APPLICATION FAILED TO START
***************************

Description:

A component required a bean of type 'com.hax.system.demo.mapper.SysMenuMapper' that could not be found.


Action:

Consider defining a bean of type 'com.hax.system.demo.mapper.SysMenuMapper' in your configuration.

2020-07-21 14:31:53,582 [main] INFO  [com.hax.system.demo.HaxSystemDemoApplication] StartupInfoLogger.java:55 - Starting HaxSystemDemoApplication on LAPTOP-U6DLD6IM with PID 2148 (D:\project\hax-cloud\hax-system-demo\hax-system-demo-biz\target\classes started by hax in D:\project\hax-cloud)
2020-07-21 14:31:53,585 [main] INFO  [com.hax.system.demo.HaxSystemDemoApplication] SpringApplication.java:655 - The following profiles are active: local
2020-07-21 14:31:54,391 [main] WARN  [tk.mybatis.spring.mapper.ClassPathMapperScanner] ClassPathMapperScanner.java:166 - No MyBatis mapper was found in '[com.hax.system.demo]' package. Please check your configuration.
2020-07-21 14:31:54,398 [main] WARN  [org.mybatis.spring.mapper.ClassPathMapperScanner] ClassPathMapperScanner.java:166 - No MyBatis mapper was found in '[com.hax.system.demo]' package. Please check your configuration.
2020-07-21 14:31:54,483 [main] INFO  [o.s.d.r.config.RepositoryConfigurationDelegate] RepositoryConfigurationDelegate.java:249 - Multiple Spring Data modules found, entering strict repository configuration mode!
2020-07-21 14:31:54,485 [main] INFO  [o.s.d.r.config.RepositoryConfigurationDelegate] RepositoryConfigurationDelegate.java:127 - Bootstrapping Spring Data Redis repositories in DEFAULT mode.
2020-07-21 14:31:54,510 [main] INFO  [o.s.d.r.config.RepositoryConfigurationDelegate] RepositoryConfigurationDelegate.java:187 - Finished Spring Data repository scanning in 14ms. Found 0 Redis repository interfaces.
2020-07-21 14:31:54,982 [main] INFO  [o.s.boot.web.embedded.tomcat.TomcatWebServer] TomcatWebServer.java:108 - Tomcat initialized with port(s): 8002 (http)
2020-07-21 14:31:54,990 [main] INFO  [org.apache.coyote.http11.Http11NioProtocol] DirectJDKLog.java:173 - Initializing ProtocolHandler ["http-nio-8002"]
2020-07-21 14:31:54,991 [main] INFO  [org.apache.catalina.core.StandardService] DirectJDKLog.java:173 - Starting service [Tomcat]
2020-07-21 14:31:54,991 [main] INFO  [org.apache.catalina.core.StandardEngine] DirectJDKLog.java:173 - Starting Servlet engine: [Apache Tomcat/9.0.36]
2020-07-21 14:31:55,093 [main] INFO  [o.a.c.core.ContainerBase.[Tomcat].[localhost].[/]] DirectJDKLog.java:173 - Initializing Spring embedded WebApplicationContext
2020-07-21 14:31:55,093 [main] INFO  [o.s.b.w.s.c.ServletWebServerApplicationContext] ServletWebServerApplicationContext.java:285 - Root WebApplicationContext: initialization completed in 1469 ms
2020-07-21 14:31:55,323 [main] INFO  [c.a.d.s.b.a.DruidDataSourceAutoConfigure] DruidDataSourceAutoConfigure.java:56 - Init DruidDataSource
2020-07-21 14:31:55,408 [main] INFO  [com.alibaba.druid.pool.DruidDataSource] DruidDataSource.java:1002 - {dataSource-1} inited
2020-07-21 14:31:56,056 [main] INFO  [o.s.scheduling.concurrent.ThreadPoolTaskExecutor] ExecutorConfigurationSupport.java:181 - Initializing ExecutorService 'applicationTaskExecutor'
2020-07-21 14:31:56,250 [main] WARN  [o.s.b.w.s.c.AnnotationConfigServletWebServerApplicationContext] AbstractApplicationContext.java:559 - Exception encountered during context initialization - cancelling refresh attempt: org.springframework.beans.factory.BeanCreationException: Error creating bean with name 'myBaseMapper' defined in file [D:\project\hax-cloud\hax-common\hax-common-mybatis\target\classes\com\hax\common\mybatis\mapper\MyBaseMapper.class]: Invocation of init method failed; nested exception is tk.mybatis.mapper.MapperException: tk.mybatis.mapper.MapperException: java.lang.ClassCastException: sun.reflect.generics.reflectiveObjects.TypeVariableImpl cannot be cast to java.lang.Class
2020-07-21 14:31:56,251 [main] INFO  [o.s.scheduling.concurrent.ThreadPoolTaskExecutor] ExecutorConfigurationSupport.java:218 - Shutting down ExecutorService 'applicationTaskExecutor'
2020-07-21 14:31:56,252 [main] INFO  [com.alibaba.druid.pool.DruidDataSource] DruidDataSource.java:1885 - {dataSource-1} closing ...
2020-07-21 14:31:56,253 [main] INFO  [com.alibaba.druid.pool.DruidDataSource] DruidDataSource.java:1955 - {dataSource-1} closed
2020-07-21 14:31:56,256 [main] INFO  [org.apache.catalina.core.StandardService] DirectJDKLog.java:173 - Stopping service [Tomcat]
2020-07-21 14:31:56,264 [main] INFO  [o.s.b.a.l.ConditionEvaluationReportLoggingListener] ConditionEvaluationReportLoggingListener.java:136 - 

Error starting ApplicationContext. To display the conditions report re-run your application with 'debug' enabled.
2020-07-21 14:31:56,273 [main] ERROR [org.springframework.boot.SpringApplication] SpringApplication.java:837 - Application run failed
org.springframework.beans.factory.BeanCreationException: Error creating bean with name 'myBaseMapper' defined in file [D:\project\hax-cloud\hax-common\hax-common-mybatis\target\classes\com\hax\common\mybatis\mapper\MyBaseMapper.class]: Invocation of init method failed; nested exception is tk.mybatis.mapper.MapperException: tk.mybatis.mapper.MapperException: java.lang.ClassCastException: sun.reflect.generics.reflectiveObjects.TypeVariableImpl cannot be cast to java.lang.Class
	at org.springframework.beans.factory.support.AbstractAutowireCapableBeanFactory.initializeBean(AbstractAutowireCapableBeanFactory.java:1796)
	at org.springframework.beans.factory.support.AbstractAutowireCapableBeanFactory.doCreateBean(AbstractAutowireCapableBeanFactory.java:595)
	at org.springframework.beans.factory.support.AbstractAutowireCapableBeanFactory.createBean(AbstractAutowireCapableBeanFactory.java:517)
	at org.springframework.beans.factory.support.AbstractBeanFactory.lambda$doGetBean$0(AbstractBeanFactory.java:323)
	at org.springframework.beans.factory.support.DefaultSingletonBeanRegistry.getSingleton(DefaultSingletonBeanRegistry.java:226)
	at org.springframework.beans.factory.support.AbstractBeanFactory.doGetBean(AbstractBeanFactory.java:321)
	at org.springframework.beans.factory.support.AbstractBeanFactory.getBean(AbstractBeanFactory.java:202)
	at org.springframework.beans.factory.support.DefaultListableBeanFactory.preInstantiateSingletons(DefaultListableBeanFactory.java:874)
	at org.springframework.context.support.AbstractApplicationContext.finishBeanFactoryInitialization(AbstractApplicationContext.java:879)
	at org.springframework.context.support.AbstractApplicationContext.refresh(AbstractApplicationContext.java:551)
	at org.springframework.boot.web.servlet.context.ServletWebServerApplicationContext.refresh(ServletWebServerApplicationContext.java:143)
	at org.springframework.boot.SpringApplication.refresh(SpringApplication.java:758)
	at org.springframework.boot.SpringApplication.refresh(SpringApplication.java:750)
	at org.springframework.boot.SpringApplication.refreshContext(SpringApplication.java:397)
	at org.springframework.boot.SpringApplication.run(SpringApplication.java:315)
	at org.springframework.boot.SpringApplication.run(SpringApplication.java:1237)
	at org.springframework.boot.SpringApplication.run(SpringApplication.java:1226)
	at com.hax.system.demo.HaxSystemDemoApplication.main(HaxSystemDemoApplication.java:15)
Caused by: tk.mybatis.mapper.MapperException: tk.mybatis.mapper.MapperException: java.lang.ClassCastException: sun.reflect.generics.reflectiveObjects.TypeVariableImpl cannot be cast to java.lang.Class
	at tk.mybatis.mapper.mapperhelper.MapperHelper.setSqlSource(MapperHelper.java:319)
	at tk.mybatis.mapper.mapperhelper.MapperHelper.processConfiguration(MapperHelper.java:253)
	at tk.mybatis.spring.mapper.MapperFactoryBean.checkDaoConfig(MapperFactoryBean.java:54)
	at org.springframework.dao.support.DaoSupport.afterPropertiesSet(DaoSupport.java:44)
	at org.springframework.beans.factory.support.AbstractAutowireCapableBeanFactory.invokeInitMethods(AbstractAutowireCapableBeanFactory.java:1855)
	at org.springframework.beans.factory.support.AbstractAutowireCapableBeanFactory.initializeBean(AbstractAutowireCapableBeanFactory.java:1792)
	... 17 common frames omitted
Caused by: tk.mybatis.mapper.MapperException: java.lang.ClassCastException: sun.reflect.generics.reflectiveObjects.TypeVariableImpl cannot be cast to java.lang.Class
	at tk.mybatis.mapper.mapperhelper.MapperTemplate.setSqlSource(MapperTemplate.java:280)
	at tk.mybatis.mapper.mapperhelper.MapperHelper.setSqlSource(MapperHelper.java:316)
	... 22 common frames omitted
Caused by: java.lang.ClassCastException: sun.reflect.generics.reflectiveObjects.TypeVariableImpl cannot be cast to java.lang.Class
	at tk.mybatis.mapper.mapperhelper.MapperTemplate.getEntityClass(MapperTemplate.java:164)
	at tk.mybatis.mapper.provider.base.BaseSelectProvider.existsWithPrimaryKey(BaseSelectProvider.java:126)
	at sun.reflect.NativeMethodAccessorImpl.invoke0(Native Method)
	at sun.reflect.NativeMethodAccessorImpl.invoke(NativeMethodAccessorImpl.java:62)
	at sun.reflect.DelegatingMethodAccessorImpl.invoke(DelegatingMethodAccessorImpl.java:43)
	at java.lang.reflect.Method.invoke(Method.java:498)
	at tk.mybatis.mapper.mapperhelper.MapperTemplate.setSqlSource(MapperTemplate.java:270)
	... 23 common frames omitted
2020-07-21 14:32:28,332 [main] INFO  [com.hax.system.demo.HaxSystemDemoApplication] StartupInfoLogger.java:55 - Starting HaxSystemDemoApplication on LAPTOP-U6DLD6IM with PID 4828 (D:\project\hax-cloud\hax-system-demo\hax-system-demo-biz\target\classes started by hax in D:\project\hax-cloud)
2020-07-21 14:32:28,334 [main] INFO  [com.hax.system.demo.HaxSystemDemoApplication] SpringApplication.java:655 - The following profiles are active: local
2020-07-21 14:32:29,142 [main] WARN  [tk.mybatis.spring.mapper.ClassPathMapperScanner] ClassPathMapperScanner.java:166 - No MyBatis mapper was found in '[com.hax.system.demo]' package. Please check your configuration.
2020-07-21 14:32:29,149 [main] WARN  [org.mybatis.spring.mapper.ClassPathMapperScanner] ClassPathMapperScanner.java:166 - No MyBatis mapper was found in '[com.hax.system.demo]' package. Please check your configuration.
2020-07-21 14:32:29,230 [main] INFO  [o.s.d.r.config.RepositoryConfigurationDelegate] RepositoryConfigurationDelegate.java:249 - Multiple Spring Data modules found, entering strict repository configuration mode!
2020-07-21 14:32:29,232 [main] INFO  [o.s.d.r.config.RepositoryConfigurationDelegate] RepositoryConfigurationDelegate.java:127 - Bootstrapping Spring Data Redis repositories in DEFAULT mode.
2020-07-21 14:32:29,258 [main] INFO  [o.s.d.r.config.RepositoryConfigurationDelegate] RepositoryConfigurationDelegate.java:187 - Finished Spring Data repository scanning in 14ms. Found 0 Redis repository interfaces.
2020-07-21 14:32:29,726 [main] INFO  [o.s.boot.web.embedded.tomcat.TomcatWebServer] TomcatWebServer.java:108 - Tomcat initialized with port(s): 8002 (http)
2020-07-21 14:32:29,735 [main] INFO  [org.apache.coyote.http11.Http11NioProtocol] DirectJDKLog.java:173 - Initializing ProtocolHandler ["http-nio-8002"]
2020-07-21 14:32:29,735 [main] INFO  [org.apache.catalina.core.StandardService] DirectJDKLog.java:173 - Starting service [Tomcat]
2020-07-21 14:32:29,736 [main] INFO  [org.apache.catalina.core.StandardEngine] DirectJDKLog.java:173 - Starting Servlet engine: [Apache Tomcat/9.0.36]
2020-07-21 14:32:29,836 [main] INFO  [o.a.c.core.ContainerBase.[Tomcat].[localhost].[/]] DirectJDKLog.java:173 - Initializing Spring embedded WebApplicationContext
2020-07-21 14:32:29,836 [main] INFO  [o.s.b.w.s.c.ServletWebServerApplicationContext] ServletWebServerApplicationContext.java:285 - Root WebApplicationContext: initialization completed in 1462 ms
2020-07-21 14:32:30,064 [main] INFO  [c.a.d.s.b.a.DruidDataSourceAutoConfigure] DruidDataSourceAutoConfigure.java:56 - Init DruidDataSource
2020-07-21 14:32:30,148 [main] INFO  [com.alibaba.druid.pool.DruidDataSource] DruidDataSource.java:1002 - {dataSource-1} inited
2020-07-21 14:32:30,783 [main] INFO  [o.s.scheduling.concurrent.ThreadPoolTaskExecutor] ExecutorConfigurationSupport.java:181 - Initializing ExecutorService 'applicationTaskExecutor'
2020-07-21 14:32:31,165 [main] INFO  [s.d.s.w.PropertySourcedRequestMappingHandlerMapping] PropertySourcedRequestMappingHandlerMapping.java:69 - Mapped URL path [/v2/api-docs] onto method [springfox.documentation.swagger2.web.Swagger2Controller#getDocumentation(String, HttpServletRequest)]
2020-07-21 14:32:31,312 [main] WARN  [o.s.b.a.freemarker.FreeMarkerAutoConfiguration] FreeMarkerAutoConfiguration.java:67 - Cannot find template location(s): [classpath:/templates/] (please add some templates, check your FreeMarker configuration, or set spring.freemarker.checkTemplateLocation=false)
2020-07-21 14:32:31,356 [main] INFO  [org.apache.coyote.http11.Http11NioProtocol] DirectJDKLog.java:173 - Starting ProtocolHandler ["http-nio-8002"]
2020-07-21 14:32:31,379 [main] INFO  [o.s.boot.web.embedded.tomcat.TomcatWebServer] TomcatWebServer.java:220 - Tomcat started on port(s): 8002 (http) with context path ''
2020-07-21 14:32:31,380 [main] INFO  [s.d.s.web.plugins.DocumentationPluginsBootstrapper] DocumentationPluginsBootstrapper.java:160 - Context refreshed
2020-07-21 14:32:31,394 [main] INFO  [s.d.s.web.plugins.DocumentationPluginsBootstrapper] DocumentationPluginsBootstrapper.java:163 - Found 1 custom documentation plugin(s)
2020-07-21 14:32:31,424 [main] INFO  [s.d.spring.web.scanners.ApiListingReferenceScanner] ApiListingReferenceScanner.java:41 - Scanning for api listing references
2020-07-21 14:32:31,446 [main] INFO  [com.hax.system.demo.HaxSystemDemoApplication] StartupInfoLogger.java:61 - Started HaxSystemDemoApplication in 3.693 seconds (JVM running for 4.611)
2020-07-21 14:33:45,581 [main] INFO  [com.hax.system.demo.HaxSystemDemoApplication] StartupInfoLogger.java:55 - Starting HaxSystemDemoApplication on LAPTOP-U6DLD6IM with PID 15492 (D:\project\hax-cloud\hax-system-demo\hax-system-demo-biz\target\classes started by hax in D:\project\hax-cloud)
2020-07-21 14:33:45,583 [main] INFO  [com.hax.system.demo.HaxSystemDemoApplication] SpringApplication.java:655 - The following profiles are active: local
2020-07-21 14:33:46,391 [main] WARN  [tk.mybatis.spring.mapper.ClassPathMapperScanner] ClassPathMapperScanner.java:166 - No MyBatis mapper was found in '[com.hax.system.demo]' package. Please check your configuration.
2020-07-21 14:33:46,398 [main] WARN  [org.mybatis.spring.mapper.ClassPathMapperScanner] ClassPathMapperScanner.java:166 - No MyBatis mapper was found in '[com.hax.system.demo]' package. Please check your configuration.
2020-07-21 14:33:46,473 [main] INFO  [o.s.d.r.config.RepositoryConfigurationDelegate] RepositoryConfigurationDelegate.java:249 - Multiple Spring Data modules found, entering strict repository configuration mode!
2020-07-21 14:33:46,474 [main] INFO  [o.s.d.r.config.RepositoryConfigurationDelegate] RepositoryConfigurationDelegate.java:127 - Bootstrapping Spring Data Redis repositories in DEFAULT mode.
2020-07-21 14:33:46,503 [main] INFO  [o.s.d.r.config.RepositoryConfigurationDelegate] RepositoryConfigurationDelegate.java:187 - Finished Spring Data repository scanning in 15ms. Found 0 Redis repository interfaces.
2020-07-21 14:33:46,991 [main] INFO  [o.s.boot.web.embedded.tomcat.TomcatWebServer] TomcatWebServer.java:108 - Tomcat initialized with port(s): 8002 (http)
2020-07-21 14:33:47,001 [main] INFO  [org.apache.coyote.http11.Http11NioProtocol] DirectJDKLog.java:173 - Initializing ProtocolHandler ["http-nio-8002"]
2020-07-21 14:33:47,002 [main] INFO  [org.apache.catalina.core.StandardService] DirectJDKLog.java:173 - Starting service [Tomcat]
2020-07-21 14:33:47,002 [main] INFO  [org.apache.catalina.core.StandardEngine] DirectJDKLog.java:173 - Starting Servlet engine: [Apache Tomcat/9.0.36]
2020-07-21 14:33:47,122 [main] INFO  [o.a.c.core.ContainerBase.[Tomcat].[localhost].[/]] DirectJDKLog.java:173 - Initializing Spring embedded WebApplicationContext
2020-07-21 14:33:47,123 [main] INFO  [o.s.b.w.s.c.ServletWebServerApplicationContext] ServletWebServerApplicationContext.java:285 - Root WebApplicationContext: initialization completed in 1499 ms
2020-07-21 14:33:47,355 [main] INFO  [c.a.d.s.b.a.DruidDataSourceAutoConfigure] DruidDataSourceAutoConfigure.java:56 - Init DruidDataSource
2020-07-21 14:33:47,435 [main] INFO  [com.alibaba.druid.pool.DruidDataSource] DruidDataSource.java:1002 - {dataSource-1} inited
2020-07-21 14:33:48,090 [main] INFO  [o.s.scheduling.concurrent.ThreadPoolTaskExecutor] ExecutorConfigurationSupport.java:181 - Initializing ExecutorService 'applicationTaskExecutor'
2020-07-21 14:33:48,475 [main] INFO  [s.d.s.w.PropertySourcedRequestMappingHandlerMapping] PropertySourcedRequestMappingHandlerMapping.java:69 - Mapped URL path [/v2/api-docs] onto method [springfox.documentation.swagger2.web.Swagger2Controller#getDocumentation(String, HttpServletRequest)]
2020-07-21 14:33:48,625 [main] WARN  [o.s.b.a.freemarker.FreeMarkerAutoConfiguration] FreeMarkerAutoConfiguration.java:67 - Cannot find template location(s): [classpath:/templates/] (please add some templates, check your FreeMarker configuration, or set spring.freemarker.checkTemplateLocation=false)
2020-07-21 14:33:48,667 [main] INFO  [org.apache.coyote.http11.Http11NioProtocol] DirectJDKLog.java:173 - Starting ProtocolHandler ["http-nio-8002"]
2020-07-21 14:33:48,690 [main] INFO  [o.s.boot.web.embedded.tomcat.TomcatWebServer] TomcatWebServer.java:220 - Tomcat started on port(s): 8002 (http) with context path ''
2020-07-21 14:33:48,691 [main] INFO  [s.d.s.web.plugins.DocumentationPluginsBootstrapper] DocumentationPluginsBootstrapper.java:160 - Context refreshed
2020-07-21 14:33:48,705 [main] INFO  [s.d.s.web.plugins.DocumentationPluginsBootstrapper] DocumentationPluginsBootstrapper.java:163 - Found 1 custom documentation plugin(s)
2020-07-21 14:33:48,735 [main] INFO  [s.d.spring.web.scanners.ApiListingReferenceScanner] ApiListingReferenceScanner.java:41 - Scanning for api listing references
2020-07-21 14:33:48,758 [main] INFO  [com.hax.system.demo.HaxSystemDemoApplication] StartupInfoLogger.java:61 - Started HaxSystemDemoApplication in 3.807 seconds (JVM running for 4.774)
2020-07-21 14:35:25,462 [main] INFO  [com.hax.system.demo.HaxSystemDemoApplication] StartupInfoLogger.java:55 - Starting HaxSystemDemoApplication on LAPTOP-U6DLD6IM with PID 1400 (D:\project\hax-cloud\hax-system-demo\hax-system-demo-biz\target\classes started by hax in D:\project\hax-cloud)
2020-07-21 14:35:25,465 [main] INFO  [com.hax.system.demo.HaxSystemDemoApplication] SpringApplication.java:655 - The following profiles are active: local
2020-07-21 14:35:26,268 [main] WARN  [tk.mybatis.spring.mapper.ClassPathMapperScanner] ClassPathMapperScanner.java:166 - No MyBatis mapper was found in '[com.hax.system.demo]' package. Please check your configuration.
2020-07-21 14:35:26,275 [main] WARN  [org.mybatis.spring.mapper.ClassPathMapperScanner] ClassPathMapperScanner.java:166 - No MyBatis mapper was found in '[com.hax.system.demo]' package. Please check your configuration.
2020-07-21 14:35:26,355 [main] INFO  [o.s.d.r.config.RepositoryConfigurationDelegate] RepositoryConfigurationDelegate.java:249 - Multiple Spring Data modules found, entering strict repository configuration mode!
2020-07-21 14:35:26,356 [main] INFO  [o.s.d.r.config.RepositoryConfigurationDelegate] RepositoryConfigurationDelegate.java:127 - Bootstrapping Spring Data Redis repositories in DEFAULT mode.
2020-07-21 14:35:26,382 [main] INFO  [o.s.d.r.config.RepositoryConfigurationDelegate] RepositoryConfigurationDelegate.java:187 - Finished Spring Data repository scanning in 14ms. Found 0 Redis repository interfaces.
2020-07-21 14:35:26,863 [main] INFO  [o.s.boot.web.embedded.tomcat.TomcatWebServer] TomcatWebServer.java:108 - Tomcat initialized with port(s): 8002 (http)
2020-07-21 14:35:26,873 [main] INFO  [org.apache.coyote.http11.Http11NioProtocol] DirectJDKLog.java:173 - Initializing ProtocolHandler ["http-nio-8002"]
2020-07-21 14:35:26,874 [main] INFO  [org.apache.catalina.core.StandardService] DirectJDKLog.java:173 - Starting service [Tomcat]
2020-07-21 14:35:26,874 [main] INFO  [org.apache.catalina.core.StandardEngine] DirectJDKLog.java:173 - Starting Servlet engine: [Apache Tomcat/9.0.36]
2020-07-21 14:35:26,985 [main] INFO  [o.a.c.core.ContainerBase.[Tomcat].[localhost].[/]] DirectJDKLog.java:173 - Initializing Spring embedded WebApplicationContext
2020-07-21 14:35:26,985 [main] INFO  [o.s.b.w.s.c.ServletWebServerApplicationContext] ServletWebServerApplicationContext.java:285 - Root WebApplicationContext: initialization completed in 1483 ms
2020-07-21 14:35:27,216 [main] INFO  [c.a.d.s.b.a.DruidDataSourceAutoConfigure] DruidDataSourceAutoConfigure.java:56 - Init DruidDataSource
2020-07-21 14:35:27,294 [main] INFO  [com.alibaba.druid.pool.DruidDataSource] DruidDataSource.java:1002 - {dataSource-1} inited
2020-07-21 14:35:27,912 [main] INFO  [o.s.scheduling.concurrent.ThreadPoolTaskExecutor] ExecutorConfigurationSupport.java:181 - Initializing ExecutorService 'applicationTaskExecutor'
2020-07-21 14:35:28,297 [main] INFO  [s.d.s.w.PropertySourcedRequestMappingHandlerMapping] PropertySourcedRequestMappingHandlerMapping.java:69 - Mapped URL path [/v2/api-docs] onto method [springfox.documentation.swagger2.web.Swagger2Controller#getDocumentation(String, HttpServletRequest)]
2020-07-21 14:35:28,448 [main] WARN  [o.s.b.a.freemarker.FreeMarkerAutoConfiguration] FreeMarkerAutoConfiguration.java:67 - Cannot find template location(s): [classpath:/templates/] (please add some templates, check your FreeMarker configuration, or set spring.freemarker.checkTemplateLocation=false)
2020-07-21 14:35:28,486 [main] INFO  [org.apache.coyote.http11.Http11NioProtocol] DirectJDKLog.java:173 - Starting ProtocolHandler ["http-nio-8002"]
2020-07-21 14:35:28,516 [main] INFO  [o.s.boot.web.embedded.tomcat.TomcatWebServer] TomcatWebServer.java:220 - Tomcat started on port(s): 8002 (http) with context path ''
2020-07-21 14:35:28,517 [main] INFO  [s.d.s.web.plugins.DocumentationPluginsBootstrapper] DocumentationPluginsBootstrapper.java:160 - Context refreshed
2020-07-21 14:35:28,531 [main] INFO  [s.d.s.web.plugins.DocumentationPluginsBootstrapper] DocumentationPluginsBootstrapper.java:163 - Found 1 custom documentation plugin(s)
2020-07-21 14:35:28,562 [main] INFO  [s.d.spring.web.scanners.ApiListingReferenceScanner] ApiListingReferenceScanner.java:41 - Scanning for api listing references
2020-07-21 14:35:28,584 [main] INFO  [com.hax.system.demo.HaxSystemDemoApplication] StartupInfoLogger.java:61 - Started HaxSystemDemoApplication in 3.694 seconds (JVM running for 4.658)
